
11월 18, 2019 16:27:28.46 NEW SESSION
11월 18, 2019 16:27:28.46 [Child 43[Child 27536, Chrome_ChildThread] WARNING: pi2pe error:, Chrome_ 109: filChiel zd:Th/taresak_1d] W572401533/build/src/ipc/cAhrRNINomG: iupipe m/error: 109:src fi/clehrome z/co:/mmtason/ik_pc15_chan72nel_wi40n.cc1533, l/binuie ld34/sr1c/ip
11월 18, 2019 16:27:28.46 c/chromium/src/chrome/comm[Child 4336, Chrome_ChildThread] WARNING: pipe error: 109: file z:/tason/ipc_channel_win.cc, line 341
11월 18, 2019 16:27:28.50 [Child 2752, Chrome_ChildThread] WARNING: pipe error: 109: file z:/task_1572[Child 5504, Chrome_ChildThread] WARNING: pipe error: 109: file z:/task_1572401533/build/src/ipc/chromium/src/chrome/common/ipc_channel_win.cc, line 341
11월 18, 2019 16:27:29.90 [Child 5504, Chrome_ChildThread] WARNING: pipe error: 109: file z:/task_1572401[GPU 3216, Chrome_ChildThread] WARNING: pipe error: 109: file z:/task_157240

12월 16, 2019 16:28:00.06 NEW SESSION
12월 16, 2019 16:28:00.06 [Child 1208, Chrome_ChildThread] WARNING: pipe error: 109: file z:/task_1575282935/build/src/ipc/chromium/src/chrome/common/ipc_channel_win.cc, line 341
12월 16, 2019 16:28:00.15 [Child 1208, Chrome_ChildThread] WARNING: pipe error: 109: file z:/task_1575282935/build/src/ipc/chromium/src/chrome/common/ipc_channel_win.cc,[Parent 3956, Gecko_IOThread] WARNING: pipe error: 109: file z:/task_1575282935/build/src/ipc/chromium/src/chrome/common/ipc_channel_win.cc, line 341
12월 16, 2019 16:28:00.15 [Child 4812, Chrome_ChildThread] WARNING: pipe error: 109: file z:/task_1575282935/build/src/ipc/chromium/src/chrome/common/ipc_channel_win.cc, line 341
12월 16, 2019 16:28:00.15 [Child 4812, Chrome_ChildThread] WARNING: pipe error: 109: file z:/task_1575282935/build/src/ipc/chromium/src/chrome/common/ipc_channel_win.cc, line 341
12월 16, 2019 16:28:00.31 
12월 16, 2019 16:28:00.31 ###!!! [Child][MessageChannel::SendAndWait] Error: Channel error: cannot send/recv
12월 16, 2019 16:28:00.31 
12월 16, 2019 16:28:50.45 [Parent 5028, Gecko_IOThread] WARNING: pipe error: 109: file z:/task_1575282935/build/src/ipc/chromium/src/chrome/common/ipc_channel_win.cc, line 341
12월 16, 2019 16:28:50.46 [Child 2692, Chrome_ChildThread] WARNING: pipe error: 109: file z:/task_1575282935/build/src/ipc/chromium/src/chrome/common/ipc_channel_win.cc, line 341
12월 16, 2019 16:28:50.46 [Child 2692, Chrome_ChildThread] WARNING: pipe error: 109: file z:/task_1575282935/build/src/ipc/chromium/src/chrome/common/ipc_channel_win.cc, line 341
12월 16, 2019 16:28:50.46 [Child 2608, Chrome_ChildThread] WARNING: pipe error: 109: file z:/task_1575282935/build/src/ipc/chromium/src/chrome/common/ipc_channel_win.cc, line 341
12월 16, 2019 16:28:50.47 [Parent 5028, Gecko_IOThread] WARNING: file z:/task_1575282935/build/src/ipc/chromium/src/base/process_util_win.cc, line 160
12월 16, 2019 16:28:50.49 [Child 1148, Chrome_ChildThread] WARNING: pipe error: 109: file z:/task_1575282935/build/src/ipc/chromium/src/chrome/common/ipc_channel_win.cc, line 341
12월 16, 2019 16:28:50.49 [Child 1148, Chrome_ChildThread] WARNING: pipe error: 109: file z:/task_1575282935/build/src/ipc/chromium/src/chrome/common/ipc_channel_win.cc, line 341
12월 16, 2019 16:28:50.68 
12월 16, 2019 16:28:50.68 ###!!! [Child][MessageChannel::SendAndWait] Error: Channel error: cannot send/recv
12월 16, 2019 16:28:50.68 
12월 16, 2019 16:29:21.01 [Parent 4856, Gecko_IOThread] WARNING: pipe error: 109: file z:/task_1575282935/build/src/ipc/chromium/src/chrome/common/ipc_channel_win.cc, line 341
12월 16, 2019 16:29:21.01 [Child 5548, Chrome_ChildThread] WARNING: pipe error: 109: file z:/task_1575282935/build/src/ipc/chromium/src/chrome/common/ipc_channel_win.cc, line 341
12월 16, 2019 16:29:21.02 [Child 5548, Chrome_ChildThread] WARNING: pipe error: 109: file z:/task_1575282935/build/src/ipc/c[Child 6088, Chrome_ChildThread] WARNING: pipe error: 109: file z:/task_1575282935/build/src/ipc/chromium/src/chrome/common/ipc_channel_win.cc, line 341
12월 16, 2019 16:29:21.05 [Child 6088, Chrome_ChildThread] WARNING: pipe error: 109: file z:/task_1575282935/build/src/ipc/chromium/s[Child 4540, Chrome_ChildThread] WARNING: pipe error: 109: file z:/task_1575282935/build/src/ipc/chromium/src/chrome/common/ipc_channel_win.cc, line 341
12월 16, 2019 16:29:21.05 [Child 4540, Chrome_ChildThread] WARNING: pipe error: 109: file z:/task_1575282935/build/src/ipc/chromium/src/chrome/common/ipc_channel_win.cc, line 341
12월 16, 2019 16:29:21.16 
12월 16, 2019 16:29:21.16 ###!!! [Child][MessageChannel::SendAndWait] Error: Channel error: cannot send/recv
12월 16, 2019 16:29:21.16 
12월 16, 2019 17:20:37.30 [Child 1616, Chrome_ChildThread] WARNING: pipe error: 109: file z:/task_1575282935/build/src/ipc/chromium/src/chrome/common/ipc_channel_win.cc, line 341
12월 16, 2019 17:20:37.30 [Child 1616, Chrome_Chi[Child 4068, Chrome_ChildThread] WARNING: pipe error: 109: file z:/task_1575282935/build/src/ipc/chromium/src/chrome/common/ipc_channel_win.cc, line 341
12월 16, 2019 17:20:37.30 [Child 4068, Chrome_ChildThread] WARNING: pipe error: 109: file z:/task_1575282935/build/src/ipc/chromium/src/chrome/common/ipc_channel_win.cc, line 341
12월 16, 2019 17:20:37.33 [Child 3940, Chrome_ChildThread] WARNING: pipe error: 109: file z:/task_1575282935/build/src/ipc/chromium/src/chrome/common/ipc_channel_win.cc, line 341
12월 16, 2019 17:20:37.33 [Child 3940, Chrome_ChildThread] WARNING: pipe error: 109: file z:/task_1575282935/build/src/ipc/chromium/src/chrome/common/ipc_channel_win.cc, line 341
12월 16, 2019 17:20:37.41 
12월 16, 2019 17:20:37.41 ###!!! [Parent][RunMessage] Error: Channel closing: too late to send/recv, messages will be lost
12월 16, 2019 17:20:37.41 
12월 16, 2019 17:20:37.42 
12월 16, 2019 17:20:37.42 ###!!! [Child][MessageChannel::SendAndWait] Error: Channel error: cannot send/recv
12월 16, 2019 17:20:37.42 
12월 16, 2019 17:39:31.56 [Child 3220, Chrome_ChildThread] WARNING: pipe error: 109: file z:/task_1575282935/build/src/ipc/chromium/src/chrome/common/ipc_channel_win.cc, line 341
12월 16, 2019 17:39:31.56 [Child 3220, Chrome_ChildThread] WARNING: pipe error: 109: file z:/task_1575282935/build/src/ipc/chromium/src/chrome/common/ipc_channel_win.cc, line 341
12월 16, 2019 17:39:31.56 [Child 5152, Chrome_ChildThread] WARNING: pipe error: 109: file z:/task_1575282935/build/src/ipc/chromium/src/chrome/common/ipc_channel_win.cc, line 341
12월 16, 2019 17:39:31.56 [Child 5152, Chrome_ChildThread] WARNING: pipe error: 109: file z:/task_1575282935/build/src/ipc/chromium/src/chrome/common/ipc_channel_win.cc, line 341
12월 16, 2019 17:39:31.59 [Child 592, Chrome_ChildThread] WARNING: pipe error: 109: file z:/task_1575282935/build/src/ipc/chromium/src/chrome/common/ipc_channel_win.cc, line 341
12월 16, 2019 17:39:31.68 [Child 592, Chrome_ChildThread] WARNING: pipe error[GPU 2136, Chrome_ChildThread] WARNING: pipe error: 109: 
12월 16, 2019 17:39:31.68 ###!!! [Child][MessageChannel::SendAndWait] Error: Channel error: cannot send/recv
12월 16, 2019 17:39:31.68 

12월 17, 2019 09:08:37.27 NEW SESSION
12월 17, 2019 09:08:37.27 [Parent 5412, Gecko_IOThread] WARNING: pipe error: 109: file z:/task_1575282935/build/src/ipc/chromium/src/chrome/common/ipc_channel_win.cc, line 341
12월 17, 2019 09:08:37.32 [Child 496, Chrome_ChildThread] WARNING: pipe error: 109: file z:/task_1575282935/build/src/ipc/chromium/src/chrome/common/ipc_channel_win.cc, line 341
12월 17, 2019 09:08:37.32 [Child 496, Chrome_ChildThread] WARNING: pipe error: 109: file z:/task_1575282935/build/src/ipc/chromium/src/chrome/common/ipc_ch[Child 6008, Chrome_ChildThread] WARNING: pipe error: 109: file z:/task_1575282935/build/src/ipc/chromium/src/chrome/common/ipc_channel_win.cc, line 341
12월 17, 2019 09:08:37.32 [Child 6008, Chrome_ChildThread] WARNING: pipe error: 109: file z:/task_1575282935/build/src/ipc/chromium/src/chrome/common/ipc_channel_win.cc, line 341
12월 17, 2019 09:08:37.36 
12월 17, 2019 09:08:37.36 ###!!! [Parent][MessageChannel] Error: (msgtype=0x1A0011,name=PBackgroundStorage::Msg_Observe) Channel error: cannot send/recv
12월 17, 2019 09:08:37.36 
12월 17, 2019 09:08:37.36 
12월 17, 2019 09:08:37.36 ###!!! [Parent][MessageChannel] Error: (msgtype=0x1A0011,name=PBackgroundStorage::Msg_Observe) Channel error: cannot send/recv
12월 17, 2019 09:08:37.36 
12월 17, 2019 09:08:37.36 
12월 17, 2019 09:08:37.36 ###!!! [Parent][MessageChannel] Error: (msgtype=0x1A0011,name=PBackgroundStorage::Msg_Observe) Channel error: cannot send/recv
12월 17, 2019 09:08:37.36 
12월 17, 2019 09:08:37.36 
12월 17, 2019 09:08:37.36 ###!!! [Parent][MessageChannel] Error: (msgtype=0x1A0011,name=PBackgroundStorage::Msg_Observe) Channel error: cannot send/recv
12월 17, 2019 09:08:37.36 
12월 17, 2019 09:08:37.36 
12월 17, 2019 09:08:37.36 ###!!! [Parent][MessageChannel] Error: (msgtype=0x1A0011,name=PBackgroundStorage::Msg_Observe) Channel error: cannot send/recv
12월 17, 2019 09:08:37.36 
12월 17, 2019 09:08:37.36 
12월 17, 2019 09:08:37.36 ###!!! [Parent][MessageChannel] Error: (msgtype=0x1A0011,name=PBackgroundStorage::Msg_Observe) Channel error: cannot send/recv
12월 17, 2019 09:08:37.36 
12월 17, 2019 09:08:37.36 
12월 17, 2019 09:08:37.36 ###!!! [Parent][MessageChannel] Error: (msgtype=0x1A0011,name=PBackgroundStorage::Msg_Observe) Channel error: cannot send/recv
12월 17, 2019 09:08:37.36 
12월 17, 2019 09:08:37.36 
12월 17, 2019 09:08:37.36 ###!!! [Parent][MessageChannel] Error: (msgtype=0x1A0011,name=PBackgroundStorage::Msg_Observe) Channel error: cannot send/recv
12월 17, 2019 09:08:37.36 
12월 17, 2019 09:08:37.36 
12월 17, 2019 09:08:37.36 ###!!! [Parent][MessageChannel] Error: (msgtype=0x1A0011,name=PBackgroundStorage::Msg_Observe) Channel error: cannot send/recv
12월 17, 2019 09:08:37.36 
12월 17, 2019 09:08:37.36 
12월 17, 2019 09:08:37.36 ###!!! [Parent][MessageChannel] Error: (msgtype=0x1A0011,name=PBackgroundStorage::Msg_Observe) Channel error: cannot send/recv
12월 17, 2019 09:08:37.36 
12월 17, 2019 09:08:37.36 [Parent 5412, Gecko_IOThread] WARNING: file z:/task_1575282935/build/src/ipc/chromium/src/base/process_util_win.cc, line 160
12월 17, 2019 09:08:37.39 [Parent 5412, Gecko_IOThread] WARNING: pipe error: 109: file z:/task_1575282935/build/src/ipc/chromium/src/chrome/common/ipc_channel_win.cc, line 341
12월 17, 2019 09:08:37.39 [Child 2232, Chrome_ChildThread] WARNING: pipe error: 109: file z:/task_1575282935/build/src/ipc/chromium/src/chrome/common/ipc_channel_win.cc, line 341
12월 17, 2019 09:08:37.61 
12월 17, 2019 09:08:37.61 ###!!! [Child][MessageChannel::SendAndWait] Error: Channel error: cannot send/recv
12월 17, 2019 09:08:37.61 
12월 17, 2019 09:17:19.44 [Parent 4788, Gecko_IOThread] WARNING: pipe error: 109: file z:/task_1575282935/build/src/ipc/chromium/src/chrome/common/ipc_channel_win.cc, line 341
12월 17, 2019 09:17:19.44 [Parent 4788, Gecko_IOThread] WARNING: pipe error: 109: file z:/task_1575282935/build/src/ipc/chromium/src/chrome/common/ipc_channel_win.cc, line 341
12월 17, 2019 09:17:19.44 [Child 5820, Chrome[Child 4040, Chrome_ChildThread] WARNING: pipe error: 109: file z:/task_15752829_ChildThread] WARNING: pipe error: 109: file z:/task_1575282935/build/src/ipc/chromium/src/chrome/common/ipc_channel_win.cc, line 341
12월 17, 2019 09:17:19.44 [Child 5820, Chrome_ChildThread] WARNING: pipe error: 109: file z:/task_1575282935/build/src/ipc/chromium/src/chrome/common/ipc_channel_win.cc, line 341
12월 17, 2019 09:17:19.44 35/build/src/ipc/chromium/src/chrome/common/ipc_channel_win.cc, line 341
12월 17, 2019 09:17:20.59 [Child 4040, Chrome_ChildThread] WARNING: pipe error: 109: file z:/task_1575282935/build/src/ipc/chromium/src/chrome
12월 17, 2019 09:20:01.29 [Parent 3512, Gecko_IOThread] WARNING: pipe error: 109: file z:/task_1575282935/build/src/ipc/chromium/src/chrome/common/ipc_channel_win.cc, line 341
12월 17, 2019 09:20:01.30 [Child 5048, Chrome_ChildThread] WARNING: pipe error: 109: file z:/task_1575282935/build/src/ipc/chromium/src/chrome/common/ipc_channel_win.cc, line 341
12월 17, 2019 09:20:01.30 [Child 5820, Chrome_ChildThread] WARNING: pipe error: 109: file z:/task_1575282935/build/src/ipc/chromium/src/chrome/common/ipc_channel_win.cc, line 341
12월 17, 2019 09:20:01.30 [Child 5820, Chrome_ChildThread] WARNING: pipe error: 109: file z:/task_1575282935/build/src/ipc/chromium/src/chrome/common/ipc_channel_win.cc, line 341
12월 17, 2019 09:20:01.34 [Child 2752, Chrome_ChildThread] WARNING: pipe error: 109: file z:/task_1575282935/build/src/ipc/chromium/src/chrome/common/ipc_channel_win.cc, line 341
12월 17, 2019 09:20:01.34 [Child 2752, Chrome_ChildThread] WARNING: pipe error: 109: file z:/task_1575282935/build/src/ipc/chromium/src/chrome/common/ipc_channel_win.cc, line 341
12월 17, 2019 09:20:02.35 [GPU 1276, Chrome_ChildThread] WARNING: pipe error: 109: fil
12월 17, 2019 09:24:11.14 [Parent 5888, Gecko_IOThread] WARNING: pipe error: 109: file z:/task_1575282935/build/src/ipc/chromium/src/chrome/common/ipc_channel_win.cc, line 341
12월 17, 2019 09:24:11.14 [Parent 5888, Gecko_IOThread] WARNING: pipe error: 109: file z:/task_1575282935/build/src/ipc/chromium/src/chrome/common/ipc_channel_win.cc, line 341
12월 17, 2019 09:24:11.14 [Child 5228, Chrome_ChildThread] WARNING: pipe error: 109: file z:/task_1575282935/build/src/ipc/chromium/src/chrome/common/ipc_channel_win.cc, line 341
12월 17, 2019 09:24:11.14 [Child 1088, Chrome_ChildThread] WARNING: pipe error: 109: file z:/task_1575282935/build/src/ipc/chromium/src/chrome/common/ipc_channel_win.cc, line 341
12월 17, 2019 09:24:11.14 [Child 1088, Chrome_ChildThread] WARNING: pipe error: 109: file z:/task_1575282935/build/src/ipc/chromium/src/chrome/common/ipc_channel_win.cc, line 341
12월 17, 2019 09:24:11.17 [Child 2464, Chrome_ChildThread] WARNING: pipe error: 109: file z:/task_1575282935/build/src/ipc/chromium/src/chrome/common/ipc_channel_win.cc, line 341
12월 17, 2019 09:24:11.17 [Child 2464, Chrome_ChildThread] WARNING: pipe error: 109: file z:/task_1575282935/build/src/ipc/chromium/src/chrome/common/ipc_channel_win.cc, line 341
12월 17, 2019 09:24:11.22 
12월 17, 2019 09:24:11.22 ###!!! [Child][RunMessage] Error: Channel closing: too late to send/recv, messages will be lost
12월 17, 2019 09:24:11.22 
12월 17, 2019 09:24:11.22 
12월 17, 2019 09:24:11.22 ###!!! [Child][MessageChannel::SendAndWait] Error: Channel error: cannot send/recv
12월 17, 2019 09:24:11.22 
12월 17, 2019 09:35:31.04 [Parent 4076, Gecko_IOThread] WARNING: pipe error: 109: file z:/task_1575282935/build/src/ipc/chromium/src/chrome/common/ipc_channel_win.cc, line 341
12월 17, 2019 09:35:31.04 [Child 852, Chrome_ChildThread] WARNING: pipe error: 109: file z:/task_1575282935/build/src/ipc/chromium/src/chrome/common/ipc_channel_win.cc, line 341
12월 17, 2019 09:35:31.06 [Child 852, Chrome_ChildThread] WARNING: pipe error: 109: file z:/task_1575282935/build/src/ipc/chromium/src/chrome/common/ipc_channel_win.cc, line 341
12월 17, 2019 09:35:31.06 [Child 5608, Chrome_ChildThread] WARNING: pipe error: 109: file z:/task_1575282[Parent 4076, Gecko_IOThread]935/bu Wild/sARNIrc/ipc/cNG: hromium/src/pipechrome/common/ipc_channel_win.cc, l erroine 341r
12월 17, 2019 09:35:31.06 : 109: file z:/task_[C1575hild 562808, C293hro5/buime_ld/sChirc/ldTipchre/chad]rom WAiumRNI/srNGc/c: phromipee/c erommroron/i: 1pc_09:chan fnel_ile z:/twin.askcc, _15line7528 3293415/b
12월 17, 2019 09:35:31.06 uild/src/ipc/chromium/src/chrome/common/ipc_channel_win.cc, line 341
12월 17, 2019 09:35:31.06 [Child 1072, Chrome_ChildThread] WARNING: pipe error: 109: file z:/task_1575282935/build/src/ipc/chromium/src/chrome/common/ipc_channel_win.cc, line 341
12월 17, 2019 09:35:31.06 [Child 1072, Chrome_ChildThread] WARNING: pipe error: 109: file z:/task_1575282935/build/src/ipc/chromium/src/chrome/common/ipc_channel_win.cc, line 341
12월 17, 2019 09:35:31.09 [Child 5756, Chrome_ChildThread] WARNING: pipe error: 109: file z:/task_1575282935/build/src/ipc/chromium/src/chrome/common/ipc_channel_win.cc, line 341
12월 17, 2019 09:35:31.18 [
12월 17, 2019 09:35:31.18 ###!!! [Child][MessageChannel::SendAndWait] Error: Channel error: cannot send/recv
12월 17, 2019 09:35:31.18 
12월 17, 2019 09:48:45.85 [Parent 3860, Gecko_IOThread] WARNING: pipe error: 109: file z:/task_1575282935/build/src/ipc/chromium/src/chrome/common/ipc_channel_win.cc, line 341
12월 17, 2019 09:48:45.85 [Child 3220, Chrome_ChildThread] WARNING: pipe error: 109: file z:/task_1575282935/build/src/ipc/chromium/src/chrome/common/ipc_channel_win.cc, line 341
12월 17, 2019 09:48:45.85 [Child 4072, Chrome_Child[Child 3220, Chrome_ChildThreadThread] WARNING: pipe error: 109: file z:/task_1575282935/build/src/ipc/chromium/src/chrome/common/ipc_channel_win.cc, line 341
12월 17, 2019 09:48:45.88 [[Parent 3860, Gecko_IOThread] WARNING: pipe error: 109: file z:/task_1575282935/build/src/ipc/chromium/src/chrome/common/ipc_channel_win.cc, line 341
12월 17, 2019 09:48:45.88 [Child 4964, Chrome_ChildThread] WARNING: pipe error: 109: file z:/task_1575282935/build/src/ipc/chromium/src/chrome/common/ipc_channel_win.cc, line 341
12월 17, 2019 09:48:46.00 [GPU 1120, Chrome_ChildThread] WARNING: pipe error: 109: file z:/task_1575282935/build/src/ipc/chromium/src/chrome/common/ipc_channel_win.cc, line 341
12월 17, 2019 09:48:46.00 
12월 17, 2019 09:48:46.00 ###!!! [Child][RunMessage] Error: Channel closing: too late to send/recv, messages will be lost
12월 17, 2019 09:48:46.00 
12월 17, 2019 10:09:50.58 [Parent 3212, Gecko_IOThread] WARNING: pipe error: 109: file z:/task_1575282935/build/src/ipc/chromium/src/chrome/common/ipc_channel_win.cc, line 341
12월 17, 2019 10:09:50.58 [Child 4272, Chrome_ChildThread] WARNING: pipe error: 109: file z:/task_1575282935/build/src/ipc/chromium/src/chrome/common/ipc_channel_win.cc, line 341
12월 17, 2019 10:09:50.58 [Child 5896, Chrome_ChildThread] WARNING: pipe error: 109: file z:/task_1575282935/build/src/ipc/chromium/src/chrome/common/ipc_channel_win.cc, line 341
12월 17, 2019 10:09:50.60 [Child 5896, Chrome_ChildThread] WARNING: pipe error: 109: file z:/t[Parent 3212, Gecko_IOThread] WARNING: pipe error: 232: file z:/task_1575282935/build/src/ipc/chromium/src/chrome/common/ipc_channel_win.cc, line 502
12월 17, 2019 10:09:50.63 [Parent 3212, Gecko_IOThread] WARNING: pipe error: 109: file z:/task_1575282935/build/src/ipc/chromium/src/chrome/common/ipc_channel_win.cc, line 341
12월 17, 2019 10:09:50.63 [Child 3644, Chrome_ChildThread] WARNING: pipe error: 109: file z:/task_1575282935/build/src/ipc/chromium/src/chrome/common/ipc_channel_win.cc, line 341
12월 17, 2019 10:09:50.63 [Parent 3212, Gecko_IOThread] WARNING: file z:/task_1575282935/build/src/ipc/chromium/src/base/process_util_win.cc, line 160
12월 17, 2019 10:09:50.75 
12월 17, 2019 10:09:50.75 ###!!! [Child][MessageChannel::SendAndWait] Error: Channel error: cannot send/recv
12월 17, 2019 10:09:50.75 
12월 17, 2019 10:10:09.36 [Parent 3460, Gecko_IOThread] WARNING: pipe error: 109: file z:/task_1575282935/build/src/ipc/chromium/src/chrome/common/ipc_channel_win.cc, line 341
12월 17, 2019 10:10:09.36 [Parent 3460, Gecko_IOThread] WARNING: pipe error: 109: file z:/task_1575282935/build/src/ipc/chromium/src/chrome/common/ipc_channel_win.cc, line 341
12월 17, 2019 10:10:09.36 [Child 3412, Chrome_ChildThread] WARNING: pipe error: 109: file z:/task_1575282935/build/src/ipc/chromium/src/chrome/common/ipc_channel_win.cc, line 341
12월 17, 2019 10:10:09.37 [Child 3412, Chrome_ChildThread] WARNING: pipe error: 109: file z:/task_1575282935/build/src/ipc/chromium/src/chro[Child 3736, Chrome_ChildThread] WARNING: pipe error: 109: file z:/task_1575282935/build/src/ipc/chromium/src/chrome/common/ipc_channel_win.cc, line 341
12월 17, 2019 10:10:09.39 [Parent 3460, Gecko_IOThread] WARNING: pipe error: 232: file z:/task_1575282935/build/src/ipc/chromium/src/chrome/common/ipc_channel_win.cc, line 502
12월 17, 2019 10:10:09.40 [Parent 3460, Gecko_IOThread] WARNING: pipe error: 109: file z:/task_1575282935/build/src/ipc/chromium/src/chrome/common/ipc_channel_win.cc, line 341
12월 17, 2019 10:10:09.40 [Child 4804, Chrome_ChildThread] WARNING: pipe error: 109: file z:/task_1575282935/build/src/ipc/chromium/src/chrome/common/ipc_channel_win.cc, line 341
12월 17, 2019 10:10:09.53 [GPU 1152, Chrome_ChildThread] WARNING: pipe error: 109: file z:/task_1575282935/build/src/ipc/chromium/src/chrome/common/ipc_channel_win.cc, line 341
12월 17, 2019 10:10:09.53 
12월 17, 2019 10:10:09.53 ###!!! [Child][RunMessage] Error: Channel closing: too late to send/recv, messages will be lost
12월 17, 2019 10:10:09.53 
12월 17, 2019 10:10:09.53 
12월 17, 2019 10:10:09.53 ###!!! [Child][MessageChannel::SendAndWait] Error: Channel error: cannot send/recv
12월 17, 2019 10:10:09.53 
12월 17, 2019 10:14:36.36 [Child 1580, Chrome_ChildThread] WARNING: pipe error: 109: file z:/task_1575282935/build/src/ipc/chromium/src/chrome/common/ipc_channel_win.cc, line 341
12월 17, 2019 10:14:36.36 [Child 1580, Chrome_ChildThread] WARNING: pipe error: 109: file z:/task_1575282935/build/src/ipc/chromium/src/chrome/common/ipc_channel_win.cc, line 341
12월 17, 2019 10:14:36.38 [Child 4364, Chrome_ChildThread] WARNING: pipe error: 109: file z:/task_1575282935/build/src/ipc/chromium/src/chrome/common/ipc_channel_win.cc, line 341
12월 17, 2019 10:14:36.38 [Child 4364, Chrome_ChildThread] WARNING: pipe error: 109: file z:/task_1575282935/build/src/ipc/chromium/src/chrome/common/ipc_channel_win.cc, line 341
12월 17, 2019 10:14:36.39 [Child 3636, Chrome_ChildThread] WARNING: pipe error: 109: file z:/task_1575282935/build/src/ipc/chromium/src/chrome/common/ipc_channel_win.cc, line 341
12월 17, 2019 10:14:36.49 [Child 3636, Chrome_ChildThread] WARNING: p
12월 17, 2019 10:14:36.49 ###!!! [Child][RunMessage] Error: Channel closing: too late to send/recv, messages will be lost
12월 17, 2019 10:14:36.49 
12월 17, 2019 10:14:36.49 
12월 17, 2019 10:14:36.49 ###!!! [Parent][RunMessage] Error: Channel closing: too late to send/recv, messages will be lost
12월 17, 2019 10:14:36.49 
12월 17, 2019 10:14:36.49 
12월 17, 2019 10:14:36.49 ###!!! [Child][MessageChannel::SendAndWait] Error: Channel error: cannot send/recv
12월 17, 2019 10:14:36.50 
12월 17, 2019 10:14:51.05 [Parent 3232, Gecko_IOThread] WARNING: pipe error: 109: file z:/task_1575282935/build/src/ipc/chromium/src/chrome/common/ipc_channel_win.cc, line 341
12월 17, 2019 10:14:51.05 [Child 4896, Chrome_ChildThread] WARNING: pipe error: 109: file z:/task_1575282935/build/src/ipc/chromium/src/chrome/common/ipc_channel_win.cc, line 341
12월 17, 2019 10:14:51.05 [Child 5328, Chrome_ChildThread] WARNING: pipe error: 109: file z:/task_1575282935/build/src/ipc/chromium/src/chrome/common/ipc_channel_win.cc, line 341
12월 17, 2019 10:14:51.08 [Child 5804, Chrome_ChildThread] WARNING: pipe error: 109: file z:/task_1575282935/build/src/ipc/chromium/src/chrome/common/ipc_channel_win.cc, line 341
12월 17, 2019 10:14:51.19 [Child 5804, Chrome_ChildThread] WARNING: pipe error: 109: file 
12월 17, 2019 10:14:51.19 ###!!! [Child][MessageChannel::SendAndWait] Error: Channel error: cannot send/recv
12월 17, 2019 10:14:51.19 
12월 17, 2019 10:18:17.34 [Parent 5576, Gecko_IOThread] WARNING: pipe error: 109: file z:/task_1575282935/build/src/ipc/chromium/src/chrome/common/ipc_channel_win.cc, line 341
12월 17, 2019 10:18:17.35 [Child 6088, Chrome_ChildThread] WARNING: pipe error: 109: file z:/task_1575282935/build/src/ipc/chromium/src/chrome/common/ipc_channel_w[Child 3192, Chrome_ChildThread] WARNING: pipe error: 109: file z:/task_1575282935/build/src/ipc/chromium/src/chrome/common/ipc_channel_win.cc, line 341
12월 17, 2019 10:18:17.35 [Child 3192, Chrome_ChildThread] WARNING: pipe error: 109: file z:/task_1575282935/build/src/ipc/chromium/src/chrome/common/ipc_channel_win.cc, line 341
12월 17, 2019 10:18:17.35 in.cc, line 341
12월 17, 2019 10:18:17.35 [Child 6088, Chrome_ChildThread] WARNING: pipe error: 109: file z:/task_1575282935/build/src/ipc/chromium/src/chrome/common/ipc_channel_win.cc, line 341
12월 17, 2019 10:18:17.37 [Parent 5576, Gecko_IOThread] WARNING: pipe error: 109: file z:/task_1575282935/build/src/ipc/chromium/src/chrome/common/ipc_channel_win.cc, line 341
12월 17, 2019 10:18:17.46 [Child 1920, Chrome_ChildThrea
12월 17, 2019 10:18:17.46 ###!!! [Child][RunMessage] Error: Channel closing: too late to send/recv, messages will be lost
12월 17, 2019 10:18:17.46 
12월 17, 2019 10:18:17.46 [GPU 5600, Chrome_Child
12월 17, 2019 10:18:17.46 ###!!! [Parent][RunMessage] Error: Channel closing: too late to send/recv, messages will be lost
12월 17, 2019 10:18:17.46 
12월 17, 2019 10:50:59.74 [Parent 5612, Gecko_IOThread] WARNING: pipe error: 109: file z:/task_1575282935/build/src/ipc/chromium/src/chrome/common/ipc_channel_win.cc, line 341
12월 17, 2019 10:50:59.74 [Parent 5612, Gecko_IOThread] WARNING: pipe error: 109: file z:/task_1575282935/build/src/ipc/chromium/src/chrome/common/ipc_channel_win.cc, line 341
12월 17, 2019 10:50:59.74 [Child 1040, Chrome_ChildThread] WARNING: pipe error: 109: file z:/task_1575282935/b[Child 6644, Chrome_ChildThread] WARNING: pipe error: 109: file z:/task_1575282935/build/src/ipc/chromium/src/chrome/common/ipc_channuild/src/ipc/chromium/src/chrome/common/ipc_channel_win.cc, line 341
12월 17, 2019 10:50:59.74 [Child 1040, Chrome_ChildThread] WARNING: pipe error: 109: file z:/task_1575282935/build/src/ipc/chromium/src/chrome/common/ipc_channel_win.cc, line 341
12월 17, 2019 10:50:59.74 el_win.cc, line 341
12월 17, 2019 10:50:59.83 [Child 6644, Chrome_ChildThread] WARNING: pipe error: 109: file z:/task_1575282935/build/src/ipc/chromium/src/chrome/commo[Child 6960, Chrome_Ch
12월 17, 2019 10:50:59.83 ###!!! [Child][RunMessage] Error: Channel closing: too late to send/recv, messages will be lost
12월 17, 2019 10:50:59.83 
12월 17, 2019 10:50:59.83 [GPU 6452, Chrome_ChildThread] WARNING: pipe error: 109: file z:/task_1575282935/build/src/ipc/chromium/src/chrome/common/ipc_channel_win.cc, line 341
12월 17, 2019 10:50:59.83 
12월 17, 2019 10:50:59.83 ###!!! [Parent][RunMessage] Error: Channel closing: too late to send/recv, messages will be lost
12월 17, 2019 10:50:59.83 
12월 17, 2019 10:50:59.85 
12월 17, 2019 10:50:59.85 ###!!! [Child][MessageChannel::SendAndWait] Error: Channel error: cannot send/recv
12월 17, 2019 10:50:59.85 
12월 17, 2019 10:57:27.62 [Child 6796, Chrome_ChildThread] WARNING: pipe error: 109: file z:/task_1575282935/build/src/ipc/chromium/src/chrome/common/ipc_channel_win.cc, line 341
12월 17, 2019 10:57:27.62 [Child 6796, Chrome_ChildThread] WARNING: pipe error: 109: file z:/task_1575282[Child 5832, Chrome_ChildThread] WARNING: pipe error: 109: file z:/task_1575282935/build/src/ipc/chromium/src/chrome/common/ipc_channel_win.cc, line 341
12월 17, 2019 10:57:27.63 [Child 5832, Chrome_ChildThread] WARNING: pipe error: 109: file z:/task_1575282935/build/src/ipc/chromium/src/chrome/common/ipc_channel_win.cc, line 341
12월 17, 2019 10:57:27.63 [Parent 6156, Gecko_IOThread] WARNING: file z:/task_1575282935/build/src/ipc/chromium/src/base/process_util_win.cc, line 160
12월 17, 2019 10:57:27.66 [Child 3644, Chrome_ChildThread] WARNING: pipe error: 109: file z:/task_1575282935/build/src/ipc/chromium/src/chrome/common/ipc_channel_win.cc, line 341
12월 17, 2019 10:57:27.66 [Parent 6156, Gecko_IOThread] WARNING: file z:/task_1575282935/build/src/ipc/chromium/src/base/process_util_win.cc, line 160
12월 17, 2019 10:57:27.77 
12월 17, 2019 10:57:27.77 ###!!! [Child][MessageChannel::SendAndWait] Error: Channel error: cannot send/recv
12월 17, 2019 10:57:27.77 
12월 17, 2019 10:58:22.81 [Child 5432, Chrome_ChildThread] WARNING: pipe error: 109: file z:/task_1575282935/build/src/ipc/chromium/src/chrome/common/ipc_channel_win.cc, line 341
12월 17, 2019 10:58:22.82 [Child 5432, Chrome_ChildThread] WARNING: pipe error: 109: file z:/task_15752829[Child 4316, Chrome_ChildThread] WARNING: pipe error: 109: file z:/task_1575282935/build/src/ipc/chromium/src/chrome/common/ipc_channel_win.cc, line 341
12월 17, 2019 10:58:22.85 [Child 4316, Chrome_ChildThread] WARNING: pipe error: 109: file z:/task_1575282935/build/src/ipc/chromium/sr[Child 6788, Chrome_Chi[Parent 6536, Gecko_IOThread] WARNING: file z:/task_1575282935/build/src/ipc/chromium/src/base/process_util_win.cc, line 160
12월 17, 2019 10:58:22.98 [G
12월 17, 2019 10:58:22.98 ###!!! [Child][MessageChannel::SendAndWait] Error: Channel error: cannot send/recv
12월 17, 2019 10:58:22.98 
12월 17, 2019 11:05:06.23 [Child 5876, Chrome_ChildThread] WARNING: pipe error: 109: file z:/task_1575282935/build/src/ipc/chromium/src/chrome/common/ipc_channel_win.cc, line 341
12월 17, 2019 11:05:06.23 [Child 5876, Chrome_ChildThread] WARNING: pipe error: 109: file z:/task_1575282935/build/src/ipc/chromium/src/chrome/common/ipc_channel_win.cc, line 341
12월 17, 2019 11:05:06.23 [Child 1376, Chrome_ChildThread] WARNING: pipe error: 109: file z:/task_1575282935/build/src/ipc/chromium/src/chrome/common/ipc_channel_win.cc, line 341
12월 17, 2019 11:05:06.23 [Child 1376, Chrome_ChildThread] WARNING: pipe error: 109: file z:/task_1575282935/build/src/ipc/chromium/src/chrome/common/ipc_channel_win.cc, line 341
12월 17, 2019 11:05:06.26 [Child 780, Chrome_ChildThread] WARNING: pipe error: 109: file z:/task_1575282935/build/src/ipc/chromium/src/chrome/common/ipc_channel_win.cc, line 341
12월 17, 2019 11:05:06.38 
12월 17, 2019 11:05:06.38 ###!!! [Child][MessageChannel::SendAndWait] Error: Channel error: cannot send/recv
12월 17, 2019 11:05:06.38 
12월 17, 2019 11:06:31.81 [Parent 2520, Gecko_IOThread] WARNING: pipe error: 109: file z:/task_1575282935/build/src/ipc/chromium/src/chrome/common/ipc_channel_win.cc, line 341
12월 17, 2019 11:06:31.81 [Parent 2520, Gecko_IOThread] WARNING: pipe error: 109: file z:/task_1575282935/build/src/ipc/chromium/src/chrome/common/ipc_channel_win.cc, line 341
12월 17, 2019 11:06:31.81 [Child 2628, Chrome_ChildThread] WARNING: pipe error: 109: file z:/task_1575282935/build/src/ipc/chromium/src/chrome/common/ipc_channel_win.cc, line 341
12월 17, 2019 11:06:31.81 [Child 2628, Chrome_ChildThread] WARNING: pipe error: 109: file z:/task_1575282935/build/src/ipc/chromium/src/chrome/common/ipc_channel_win.cc, line 341
12월 17, 2019 11:06:31.85 [Child 5932, Chrome_ChildThread] WARNING: pipe error: 109: file z:/task_1575282935/build/src/ipc/chromium/src/chrome/common/ipc_channel_win.cc, line 341
12월 17, 2019 11:06:31.85 [Child 5932, Chrome_ChildThread] WARNING: pipe error: 109: file z:/task_1575282935/build/src/ipc/chromium/src/chrome/common/ipc_channel_win.cc, line 341
12월 17, 2019 11:06:31.85 [Child 6268, Chrome_ChildThread] WARNING: pipe error: 109: file z:/task_1575282935/build/src/ipc/chromium/src/chrome/common/ipc_channel_win.cc, line 341
12월 17, 2019 11:06:31.85 [Child 6268, Chrome_ChildThread] WARNING: pipe error: 109: file z:/task_1575282935/build/src/ipc/chromium/src/chrome/common/ipc_channel_win.cc, line 341
12월 17, 2019 11:06:58.33 [Parent 6016, Gecko_IOThread] WARNING: pipe error: 109: file z:/task_1575282935/build/src/ipc/chromium/src/chrome/common/ipc_channel_win.cc, line 341
12월 17, 2019 11:06:58.34 [Child 6148, Chrome_ChildThread] WARNING: pipe error: 109: file z:/task_1575282935/build/src/ipc/chromium/src/chrome/common/ipc_channel_win.cc, line 341
12월 17, 2019 11:06:58.34 [Child 6148, Chrome_ChildThread] WARNING: pipe error: 109: file z:/task_1575282935/build/src/ipc/chromium/src/chrome/common/ipc_channel_win.cc, line 341
12월 17, 2019 11:06:58.34 [Child 5636, Chrome_ChildThread] WARNING: pipe error: 109: file z:/task_1575282935/build/src/ipc/chromium/src/chrome/common/ipc_channel_win.cc, line 341
12월 17, 2019 11:06:58.34 [Child 5636, Chrome_ChildThread] WARNING: pipe error: 109: file z:/task_1575282935/build/src/ipc/chromium/src/chrome/common/ipc_channel_win.cc, line 341
12월 17, 2019 11:06:58.37 [Parent 6016, Gecko_IOThread] WARNING: pipe error: 109: file z:/task_1575282935/build/src/ipc/chromium/src/chrome/common/ipc_channel_win.cc, line 341
12월 17, 2019 11:06:58.37 [Child 4552, Chrome_ChildThread] WARNING: pipe error: 109: file z:/task_1575282935/build/src/ipc/chromium/src/chrome/common/ipc_channel_win.cc, line 341
12월 17, 2019 11:06:58.37 [Child 4552, Chrome_ChildThread] WARNING: pipe error: 109: file z:/task_[Parent 6016, Gecko_IOThread] WARNING: file z:/task_1575282935/build/src/ipc/chromium/src/base/process_util_win.cc, line 160
12월 17, 2019 11:06:58.47 
12월 17, 2019 11:06:58.47 ###!!! [Child][MessageChannel::SendAndWait] Error: Channel error: cannot send/recv
12월 17, 2019 11:06:58.47 
12월 17, 2019 11:18:37.05 [Child 5452, Chrome_ChildThread] WARNING: pipe error: 109: file z:/task_1575282935/build/src/ipc/chromium/src/chrome/common/ipc_channel_win.cc, line 341
12월 17, 2019 11:18:37.05 [Child 6160, Chrome_ChildThread] WARNING: pipe error: 109: file z:/task_1575282935/build/src/ipc/chromium/src/chrome/common/ipc_channel_win.cc, line 341
12월 17, 2019 11:18:37.05 [Child 6160, Chrome_ChildThread] WARNING: pipe error: 109: file z:/task_1575282935/build/src/ipc/chromium/src/chrome/common/ipc_channel_win.cc, line 341
12월 17, 2019 11:18:37.09 [Child 2040, Chrome_ChildThread] WARNING: pipe error: 109: file z:/task_1575282935/build/src/ipc/chromium/src/chrome/common/ipc_channel_win.cc, line 341
12월 17, 2019 11:18:37.09 [Child 2040, Chrome_ChildThread] WARNING: pipe error: 109: file z:/task_1575282935/build/src/ipc/chromium/src/chrome/common/ipc_channel_win.cc, line 341
12월 17, 2019 11:18:37.20 
12월 17, 2019 11:18:37.20 ###!!! [Child][MessageChannel::SendAndWait] Error: Channel error: cannot send/recv
12월 17, 2019 11:18:37.20 
12월 17, 2019 15:57:52.97 [Child 5684, Chrome_ChildThread] WARNING: pipe error: 109: file z:/task_1575282935/build/src/ipc/chromium/src/chrome/common/ipc_channel_win.cc, line 341
12월 17, 2019 15:57:52.97 [Parent 4944, Gecko_IOThread] WARNING: pipe error: 109: file z:/task_1575282935/build/src/ipc/chromium/src/chrome/common/ipc_channel_win.cc, line 341
12월 17, 2019 15:57:52.97 [Child 6620, Chrome_ChildThread] WARNING: pipe error: 109: file z:/task_1575282935/build/src/ipc/chromium/src/chrome/common/ipc_channel_win.cc, line 341
12월 17, 2019 15:57:52.97 [Child 6620, Chrome_ChildThread] WARNING: pipe error: 109: file z:/task_1575282935/build/src/ipc/chromium/src/chrome/common/ipc_channel_win.cc, line 341
12월 17, 2019 15:57:53.00 [Child 3616, Chrome_ChildThread] WARNING: pipe error: 109: file z:/task_1575282935/build/src/ipc/chromium/src/chrome/common/ipc_channel_win.cc, line 341
12월 17, 2019 15:57:53.00 [Child 3616, Chrome_ChildThread] WARNING: pipe error: 109: file z:/task_1575282935/build/src/ipc/chromium/src/chrome/common/ipc_channel_win.cc, line 341
12월 17, 2019 15:57:53.08 
12월 17, 2019 15:57:53.08 ###!!! [Child][RunMessage] Error: Channel closing: too late to send/recv, messages will be lost
12월 17, 2019 15:57:53.08 
12월 17, 2019 15:57:53.09 [GPU 2480, Chrome_ChildThread
12월 17, 2019 15:57:53.09 ###!!! [Child][MessageChannel::SendAndWait] Error: Channel error: cannot send/recv
12월 17, 2019 15:57:53.09 
12월 17, 2019 15:58:30.18 [Child 6760, Chrome_ChildThread] WARNING: pipe error: 109: file z:/task_1575282935/build/src/ipc/chromium/src/chrome/common/ipc_channel_win.cc, line 341
12월 17, 2019 15:58:30.18 [Child 6760, Chrome_ChildThread] WARNING: pipe error: 109: file z:/task_1575282935/build/src/ipc/chromium/src/chrome/common/ipc_channel_win.cc, line 341
12월 17, 2019 15:58:30.18 [Child 3212, Chrome_ChildThread] WARNING: pipe error: 109: file z:/task_1575282935/build/src/ipc/chromium/src/chrome/common/ipc_channel_win.cc, line 341
12월 17, 2019 15:58:30.18 [Child 3212, Chrome_ChildThread] WARNING: pipe error: 109: file z:/task_1575282935/build/src/ipc/chromium/src/chrome/common/ipc_channel_win.cc, line 341
12월 17, 2019 15:58:30.23 [Child 2396, Chrome_ChildThread] WARNING: pipe error: 109: file z:/task_1575282935/build/src/ipc/chromium/src/chrome/common/ipc_channel_win.cc, line 341
12월 17, 2019 15:58:30.23 [Child 2396, Chrome_ChildThread] WARNING: pipe error: 109: file z:/task_1575282935/build/src/ipc/chromium/src/chrome/common/ipc_channel_win.cc, line 341
12월 17, 2019 15:58:30.37 
12월 17, 2019 15:58:30.37 ###!!! [Child][MessageChannel::SendAndWait] Error: Channel error: cannot send/recv
12월 17, 2019 15:58:30.37 
12월 17, 2019 16:02:05.78 [Child 4632, Chrome_ChildThread] WARNING: pipe error: 109: file z:/task_1575282935/build/src/ipc/chromium/src/chrome/common/ipc_channel_win.cc, line 341
12월 17, 2019 16:02:05.78 [Child 4632, C[Child 4744, Chrome_ChildThread] WARNING: pipe error: 109: file z:/task_1575282935/build/src/ipc/chromium/src/chrome/common/ipc_channel_win.cc, line 341
12월 17, 2019 16:02:05.78 [Child 4744, Chrome_ChildThread] WARNING: pipe error: 109: file z:/task_1575282935/build/src/ipc/chromium/src/chrome/common/ipc_channel_win.cc, line 341
12월 17, 2019 16:02:05.82 [Child 3236, Chrome_ChildThread] WARNING: pipe error: 109: file z:/task_1575282935/build/src/ipc/chromium/src/chrome/common/ipc_channel_win.cc, line 341
12월 17, 2019 16:02:05.92 [Child 3236, Chrome_ChildThread] WARNING: pipe error: 109: file z:/task_1575282935/build/src/ipc/chromium/src/chrome/com[GPU 5020, Chrome_ChildThread] WA
12월 17, 2019 16:02:05.92 ###!!! [Child][MessageChannel::SendAndWait] Error: Channel error: cannot send/recv
12월 17, 2019 16:02:05.92 
12월 17, 2019 16:03:34.59 [Child 2720, Chrome_ChildThread] WARNING: pipe error: 109: file z:/task_1575282935/bui[Cldhi/srldc/ip 3c/chr580, Chrome_omium/sChrc/chilromdTe/hread] comWAmonRN/iINpc_G: pipe chanerrornel_win.cc, line 341
12월 17, 2019 16:03:34.59 [Child 2720, Chrome_ChildThread] WARNING: pipe error: 109: file z:/task_1575282935/build/src/ipc/chromium/src/chrome/common/ipc_channel_win.cc, line 341
12월 17, 2019 16:03:34.59 : 109: file z:/task_1575282935/build/src/ipc/chromium/src/chrome/common/ipc_channel_win.cc, line 341
12월 17, 2019 16:03:34.62 [Child 3580, Chrome_ChildThread] WARNING: pipe error: 109: file z:/task_1575282935/build/src/ipc/chromium/src/chrome/common/ipc_channel_[Child 6996, Chrome_ChildThread] WARNING: pipe error: 109: file z:/task_1575282935/build/src/ipc/chromium/src/chrome/common/ipc_channel_win.cc, line 341
12월 17, 2019 16:03:34.62 [Child 6996, Chrome_ChildThread] WARNING: pipe error: 109: file z:/task_1575282935/build/src/ipc/chromium/src/chrome/common/ipc_channel_win.cc, line 341
12월 17, 2019 16:03:34.72 [GPU 6
12월 17, 2019 16:03:34.72 ###!!! [Child][RunMessage] Error: Channel closing: too late to send/recv, messages will be lost
12월 17, 2019 16:03:34.72 
12월 17, 2019 16:03:34.72 620, Chrome_ChildThread] WARNING: pipe error: 109: file z:/task_1575282935/build/src/ipc/chro
12월 17, 2019 16:03:34.72 ###!!! [Child][MessageChannel::SendAndWait] Error: Channel error: cannot send/recv
12월 17, 2019 16:03:34.72 
12월 17, 2019 16:04:22.34 [Parent 3668, Gecko_IOThread] WARNING: pipe error: 109: file z:/task_1575282935/build/src/ipc/chromium/src/chrome/common/ipc_channel_win.cc, line 341
12월 17, 2019 16:04:22.34 [Child 5584, Chrome_ChildThread] WARNING: pipe error: 109: file z:/task_1575282935/build/src/ipc/chromium/src/chrome/common/ipc_channel_win.cc, line 341
12월 17, 2019 16:04:22.34 [Child 5584, Chrome_ChildThread] WARNING: pipe error: 109: file z:/task_1575282935/build/src/ipc/chromium/src/chrome/common/ipc_channel_win.cc, line 341
12월 17, 2019 16:04:22.34 [Child 2680, Chrome_ChildThread] WARNING: pipe error: 109: file z:/task_1575282935/build/src/ipc/chromium/src/chrome/common/ipc_channel_win.cc, line 341
12월 17, 2019 16:04:22.37 [Child 2680, Chrome_ChildThread] WARNING: pipe error: 109: file z:/task_157[Child 3008, Chrome_ChildThread] WARNING: pipe error: 109: file z:/task_1575282935/build/src/ipc/chromium/src/chrome/common/ipc_channel_win.cc, line 341
12월 17, 2019 16:04:22.37 [Child 3008, Chrome_ChildThread] WARNING: pipe error: 109: file z:/task_1575282935/build/src/ipc/chromium/src/chrome/common/ipc_channel_win.cc, line 341
12월 17, 2019 16:04:22.47 
12월 17, 2019 16:04:22.47 ###!!! [Child][RunMessage] Error: Channel closing: too late to send/recv, messages will be lost
12월 17, 2019 16:04:22.47 
12월 17, 2019 16:04:22.47 [GPU 6244, Chrome_ChildThread] WARNING: pipe error: 109: file z:/task_1575282935/build/src/ipc/chromium/src/chrome/common/ipc_channel_win.cc, line 341
12월 17, 2019 16:04:22.47 [Parent 3668, Gecko_IOThread] WARNING: pipe error: 232: file z:/task_1575282935/build/src/ipc/chromium/src/chrome/common/ipc_channel_win.cc, line 502
12월 17, 2019 16:04:22.47 
12월 17, 2019 16:04:22.47 ###!!! [Child][MessageChannel::SendAndWait] Error: Channel error: cannot send/recv
12월 17, 2019 16:04:22.47 
12월 17, 2019 16:13:13.84 [Child 1500, Chrome_ChildThread] WARNING: pipe error: 109: file z:/task_1575282935/build/src/ipc/chromium/src/chrome/common/ipc_channel_win.cc, line 341
12월 17, 2019 16:13:13.84 [Child 6400, Chrome_ChildThread] WARNING: pipe error: 109: file z:/task_1575282935/build/src/ipc/chromium/src/chrome/common/ipc_channel_win.cc, line 341
12월 17, 2019 16:13:13.88 [Child 6400, Chrome_ChildThread] WARNING: pipe error: 109: file z:/[Child 6932, Chrome_ChildThread] WARNING: pipe error: 109: file z:/task_1575282935/build/src/ipc/chromium/src/chrome/common/ipc_channel_win.cc, line 341
12월 17, 2019 16:13:13.88 [Child 6932, Chrome_ChildThread] WARNING: pipe error: 109: file z:/task_1575282935/build/src/ipc/chromium/src/chrome/common/ipc_channel_win.cc, line 341
12월 17, 2019 16:13:13.98 [GPU 6224, Chrome_ChildThread] WARNING: pipe error: 109: file z:/task_1575282935/build/src/ipc/chromium/src/chrome/common/ipc_channel_win.cc, line 341
12월 17, 2019 16:13:13.99 
12월 17, 2019 16:13:13.99 ###!!! [Child][MessageChannel::SendAndWait] Error: Channel error: cannot send/recv
12월 17, 2019 16:13:13.99 
12월 17, 2019 16:15:39.87 [Parent 6996, Gecko_IOThread] WARNING: pipe error: 109: file z:/task_1575282935/build/src/ipc/chromium/src/chrome/common/ipc_channel_win.cc, line 341
12월 17, 2019 16:15:39.91 [Child 5944, Chrome_ChildThread] WARNING: pipe error: 109: file z:/task_1575282935/build/src/ipc/chromium/src/chrome/common/ipc_channel_win.cc, line 341
12월 17, 2019 16:15:39.91 [Child 5944, Chrome_ChildThread] WARNING: pipe error: 109: file z:/task_1575282935/build/src/ipc/chromium/src/chrome/common/ipc_channel_win.cc, line 341
12월 17, 2019 16:15:39.91 [Child 2744, Chrome_ChildThread] WARNING: pipe error: 109: file z:/task_1575282935/build/src/ipc/chromium/src/chrome/common/ipc_channel_win.cc, line 341
12월 17, 2019 16:15:39.91 [Child 2744, Chrome_ChildThread] WARNING: pipe error: 109: file z:/task_1575282935/build/src/ipc/chromium/src/chrome/common/ipc_channel_win.cc,[Parent 6996, Gecko_IOThread] WARNING: pipe error: 109: file z:/task_1575282935/build/src/ipc/chromium/src/chrome/common/ipc_channel_win.cc, line 341
12월 17, 2019 16:15:40.00 [Child 4924,
12월 17, 2019 16:15:40.00 ###!!! [Child][RunMessage] Error: Channel closing: too late to send/recv, messages will be lost
12월 17, 2019 16:15:40.00 
12월 17, 2019 16:15:40.00 
12월 17, 2019 16:15:40.00 ###!!! [Child][MessageChannel::SendAndWait] Error: Channel error: cannot send/recv
12월 17, 2019 16:15:40.00 
12월 17, 2019 16:18:54.02 [Child 4696, Chrome_ChildThread] WARNING: pipe error: 109: file z:/task_1575282935/build/src/ipc/chromium/src/[Child 2788, Chrome_ChildThread] WARNING: pipe error: 109: file z:/task_1575282935/build/src/ipc/chromium/src/chrome/common/ipc_channel_win.cc, line 341
12월 17, 2019 16:18:54.02 [Child 2788, Chrome_ChildThread] WARNING: pipe error: 109: file z:/task_1575282935/build/src/chrome/common/ipc_channel_win.cc, line 341
12월 17, 2019 16:18:54.03 [Child 4696, Chrome_ChildThread] WARNING: pipe error: 109: file z:/task_1575282935/build/src/ipc/chromium/src/chrome/common/ipc_channel_win.cc, line 341
12월 17, 2019 16:18:54.06 [Child 4164, Chrome_ChildThread] WARNING: pipe error: 109: file z:/task_1575282935/build/src/ipc/chromium/src/chrome/common/ipc_channel_win.cc, line 341
12월 17, 2019 16:18:54.06 [Child 4164, Chrome_ChildThread] WARNING: pipe error: 109: file z:/task_1575282935/build/src/ipc/chromium/src/chrome/common/ipc_channel_win.cc, line 341
12월 17, 2019 16:18:54.13 [GPU 6644, Chrome_ChildThread] WARNING: pipe error: 109: file z:/task_1575282
12월 17, 2019 16:18:54.13 ###!!! [Child][MessageChannel::SendAndWait] Error: Channel error: cannot send/recv
12월 17, 2019 16:18:54.13 
12월 17, 2019 16:20:57.06 [Child 5968, Chrome_ChildThread] WARNING: pipe error: 109: file z:/task_1575282935/build/src/ipc/chromium/src/chrome/common/ipc_channel_win.cc, line 341
12월 17, 2019 16:20:57.06 [[Parent 4300, Gecko_IOThread] WARNING: pipe error: 109: file z:/task_1575282935/build/src/ipc/chromium/src/chrome/common/ipc_channel_win.cc, line 341
12월 17, 2019 16:20:57.06 [Child 1620, Chrome_ChildThread] WARNING: pipe error: 109: file z:/task_1575282935/build/src/ipc/chromium/src/chrome/common/ipc_channel_win.cc, line 341
12월 17, 2019 16:20:57.16 [Child 1620, Chrome_ChildThread] WARNING: pipe error: 109: file z:/task_[Child 1120, Chrome_ChildThread
12월 17, 2019 16:20:57.16 ###!!! [Child][RunMessage] Error: Channel closing: too late to send/recv, messages will be lost
12월 17, 2019 16:20:57.16 
12월 17, 2019 16:20:57.16 [GPU 7132, Chrome_ChildThread] WARNING: pipe error: 109: file z:/task_1575282935/build/src/ipc/chromium/src/chrome/common/ipc_channel_win.cc, line 341
12월 17, 2019 16:20:57.17 
12월 17, 2019 16:20:57.17 ###!!! [Child][MessageChannel::SendAndWait] Error: Channel error: cannot send/recv
12월 17, 2019 16:20:57.17 
12월 17, 2019 16:23:19.58 [Child 6988, Chrome_ChildThread] WARNING: pipe error: 109: file z:/task_1575282935/build/src/ipc/chromium/src/chrome/common/ipc_channel_win.cc, line 341
12월 17, 2019 16:23:19.58 [Child 6988, Chrome_ChildThread] WARNING: pipe error: 109: file z:/task_1575282935/build/src/ipc/chromium/src/chrome/common/ipc_channel_win.cc, line 341
12월 17, 2019 16:23:19.58 [Child 5216, Chrome_ChildThread] WARNING: pipe error: 109: file z:/task_1575282935/build/src/ipc/chromium/src/chrome/common/ipc_channel_win.cc, line 341
12월 17, 2019 16:23:19.71 [Child 5216
12월 17, 2019 16:23:19.71 ###!!! [Child][MessageChannel::SendAndWait] Error: Channel error: cannot send/recv
12월 17, 2019 16:23:19.71 
